{"numTotalTestSuites":2,"numPassedTestSuites":2,"numFailedTestSuites":0,"numPendingTestSuites":0,"numTotalTests":3,"numPassedTests":3,"numFailedTests":0,"numPendingTests":0,"numTodoTests":0,"snapshot":{"added":0,"failure":false,"filesAdded":0,"filesRemoved":0,"filesRemovedList":[],"filesUnmatched":0,"filesUpdated":0,"matched":0,"total":0,"unchecked":0,"uncheckedKeysByFile":[],"unmatched":0,"updated":0,"didUpdate":false},"startTime":1773395223941,"success":true,"testResults":[{"assertionResults":[{"ancestorTitles":["minigolf multiplayer integration"],"fullName":"minigolf multiplayer integration syncs hole progression and canonical score state","status":"passed","title":"syncs hole progression and canonical score state","duration":16.20401700000002,"failureMessages":[],"meta":{}},{"ancestorTitles":["minigolf multiplayer integration"],"fullName":"minigolf multiplayer integration enforces turn order and rejects non-current player stroke","status":"passed","title":"enforces turn order and rejects non-current player stroke","duration":14.154197000000067,"failureMessages":[],"meta":{}},{"ancestorTitles":["minigolf multiplayer integration"],"fullName":"minigolf multiplayer integration host sends state_resync when checksum mismatch is reported","status":"passed","title":"host sends state_resync when checksum mismatch is reported","duration":1.9864509999999882,"failureMessages":[],"meta":{}}],"startTime":1773395224899,"endTime":1773395224931.9866,"status":"passed","message":"","name":"/home/ryan/ILLUVRSE/apps/gamegrid/src/mp/minigolf.integration.test.ts"}]}