{"numTotalTestSuites":2,"numPassedTestSuites":2,"numFailedTestSuites":0,"numPendingTestSuites":0,"numTotalTests":1,"numPassedTests":1,"numFailedTests":0,"numPendingTests":0,"numTodoTests":0,"snapshot":{"added":0,"failure":false,"filesAdded":0,"filesRemoved":0,"filesRemovedList":[],"filesUnmatched":0,"filesUpdated":0,"matched":0,"total":0,"unchecked":0,"uncheckedKeysByFile":[],"unmatched":0,"updated":0,"didUpdate":false},"startTime":1773395102665,"success":true,"testResults":[{"assertionResults":[{"ancestorTitles":["starlight crew run boot integration"],"fullName":"starlight crew run boot integration boots, assigns crew, starts run, and selects node without throwing","status":"passed","title":"boots, assigns crew, starts run, and selects node without throwing","duration":2.735298000000057,"failureMessages":[],"meta":{}}],"startTime":1773395104275,"endTime":1773395104277.7354,"status":"passed","message":"","name":"/home/ryan/ILLUVRSE/apps/gamegrid/src/games/starlight-chronicles/scene.crew.integration.test.ts"}]}