{"numTotalTestSuites":2,"numPassedTestSuites":2,"numFailedTestSuites":0,"numPendingTestSuites":0,"numTotalTests":1,"numPassedTests":1,"numFailedTests":0,"numPendingTests":0,"numTodoTests":0,"snapshot":{"added":0,"failure":false,"filesAdded":0,"filesRemoved":0,"filesRemovedList":[],"filesUnmatched":0,"filesUpdated":0,"matched":0,"total":0,"unchecked":0,"uncheckedKeysByFile":[],"unmatched":0,"updated":0,"didUpdate":false},"startTime":1773395119471,"success":true,"testResults":[{"assertionResults":[{"ancestorTitles":["alley-bowling-blitz multiplayer integration"],"fullName":"alley-bowling-blitz multiplayer integration syncs frame scorecards and challenge progression","status":"passed","title":"syncs frame scorecards and challenge progression","duration":4.22673599999996,"failureMessages":[],"meta":{}}],"startTime":1773395120299,"endTime":1773395120303.2268,"status":"passed","message":"","name":"/home/ryan/ILLUVRSE/apps/gamegrid/src/mp/alley-bowling-blitz.integration.test.ts"}]}