{"numTotalTestSuites":2,"numPassedTestSuites":2,"numFailedTestSuites":0,"numPendingTestSuites":0,"numTotalTests":2,"numPassedTests":2,"numFailedTests":0,"numPendingTests":0,"numTodoTests":0,"snapshot":{"added":0,"failure":false,"filesAdded":0,"filesRemoved":0,"filesRemovedList":[],"filesUnmatched":0,"filesUpdated":0,"matched":0,"total":0,"unchecked":0,"uncheckedKeysByFile":[],"unmatched":0,"updated":0,"didUpdate":false},"startTime":1773395053496,"success":true,"testResults":[{"assertionResults":[{"ancestorTitles":["starlight vertical slice data coverage"],"fullName":"starlight vertical slice data coverage includes expected minimum data","status":"passed","title":"includes expected minimum data","duration":1.6270619999999099,"failureMessages":[],"meta":{}},{"ancestorTitles":["starlight vertical slice data coverage"],"fullName":"starlight vertical slice data coverage contains prism warden boss content","status":"passed","title":"contains prism warden boss content","duration":0.24331599999993614,"failureMessages":[],"meta":{}}],"startTime":1773395054363,"endTime":1773395054365.2434,"status":"passed","message":"","name":"/home/ryan/ILLUVRSE/apps/gamegrid/src/scenes/starlight.integration.test.ts"}]}