{"numTotalTestSuites":2,"numPassedTestSuites":2,"numFailedTestSuites":0,"numPendingTestSuites":0,"numTotalTests":4,"numPassedTests":4,"numFailedTests":0,"numPendingTests":0,"numTodoTests":0,"snapshot":{"added":0,"failure":false,"filesAdded":0,"filesRemoved":0,"filesRemovedList":[],"filesUnmatched":0,"filesUpdated":0,"matched":0,"total":0,"unchecked":0,"uncheckedKeysByFile":[],"unmatched":0,"updated":0,"didUpdate":false},"startTime":1773395236050,"success":true,"testResults":[{"assertionResults":[{"ancestorTitles":["ozark-fishing multiplayer integration"],"fullName":"ozark-fishing multiplayer integration syncs 4-player derby leaderboard and session end deterministically","status":"passed","title":"syncs 4-player derby leaderboard and session end deterministically","duration":118.24730499999998,"failureMessages":[],"meta":{}},{"ancestorTitles":["ozark-fishing multiplayer integration"],"fullName":"ozark-fishing multiplayer integration rejects invalid hook attempts and supports reconnect snapshot reclaim","status":"passed","title":"rejects invalid hook attempts and supports reconnect snapshot reclaim","duration":3.5852449999999862,"failureMessages":[],"meta":{}},{"ancestorTitles":["ozark-fishing multiplayer integration"],"fullName":"ozark-fishing multiplayer integration keeps ice derby deterministic with identical seed and inputs","status":"passed","title":"keeps ice derby deterministic with identical seed and inputs","duration":4.740072000000055,"failureMessages":[],"meta":{}},{"ancestorTitles":["ozark-fishing multiplayer integration"],"fullName":"ozark-fishing multiplayer integration includes deterministic tournament config and emits tournament lifecycle events","status":"passed","title":"includes deterministic tournament config and emits tournament lifecycle events","duration":2.279211000000032,"failureMessages":[],"meta":{}}],"startTime":1773395236964,"endTime":1773395237093.2793,"status":"passed","message":"","name":"/home/ryan/ILLUVRSE/apps/gamegrid/src/mp/ozark-fishing.integration.test.ts"}]}