{"numTotalTestSuites":2,"numPassedTestSuites":2,"numFailedTestSuites":0,"numPendingTestSuites":0,"numTotalTests":1,"numPassedTests":1,"numFailedTests":0,"numPendingTests":0,"numTodoTests":0,"snapshot":{"added":0,"failure":false,"filesAdded":0,"filesRemoved":0,"filesRemovedList":[],"filesUnmatched":0,"filesUpdated":0,"matched":0,"total":0,"unchecked":0,"uncheckedKeysByFile":[],"unmatched":0,"updated":0,"didUpdate":false},"startTime":1773395294551,"success":true,"testResults":[{"assertionResults":[{"ancestorTitles":["pool multiplayer integration"],"fullName":"pool multiplayer integration syncs shot outcomes, fouls, and turn changes","status":"passed","title":"syncs shot outcomes, fouls, and turn changes","duration":2.9137829999999667,"failureMessages":[],"meta":{}}],"startTime":1773395295411,"endTime":1773395295413.9138,"status":"passed","message":"","name":"/home/ryan/ILLUVRSE/apps/gamegrid/src/mp/pool.integration.test.ts"}]}