{"numTotalTestSuites":2,"numPassedTestSuites":2,"numFailedTestSuites":0,"numPendingTestSuites":0,"numTotalTests":1,"numPassedTests":1,"numFailedTests":0,"numPendingTests":0,"numTodoTests":0,"snapshot":{"added":0,"failure":false,"filesAdded":0,"filesRemoved":0,"filesRemovedList":[],"filesUnmatched":0,"filesUpdated":0,"matched":0,"total":0,"unchecked":0,"uncheckedKeysByFile":[],"unmatched":0,"updated":0,"didUpdate":false},"startTime":1773395306805,"success":true,"testResults":[{"assertionResults":[{"ancestorTitles":["starlight co-op boss harness smoke"],"fullName":"starlight co-op boss harness smoke boots host adapter and exposes combat boss fields in snapshot","status":"passed","title":"boots host adapter and exposes combat boss fields in snapshot","duration":3.6399639999999636,"failureMessages":[],"meta":{}}],"startTime":1773395307783,"endTime":1773395307786.64,"status":"passed","message":"","name":"/home/ryan/ILLUVRSE/apps/gamegrid/src/mp/starlight-chronicles.coop-boss.integration.test.ts"}]}