{"numTotalTestSuites":2,"numPassedTestSuites":2,"numFailedTestSuites":0,"numPendingTestSuites":0,"numTotalTests":4,"numPassedTests":4,"numFailedTests":0,"numPendingTests":0,"numTodoTests":0,"snapshot":{"added":0,"failure":false,"filesAdded":0,"filesRemoved":0,"filesRemovedList":[],"filesUnmatched":0,"filesUpdated":0,"matched":0,"total":0,"unchecked":0,"uncheckedKeysByFile":[],"unmatched":0,"updated":0,"didUpdate":false},"startTime":1773395026529,"success":true,"testResults":[{"assertionResults":[{"ancestorTitles":["ozark-fishing multiplayer integration"],"fullName":"ozark-fishing multiplayer integration syncs 4-player derby leaderboard and session end deterministically","status":"passed","title":"syncs 4-player derby leaderboard and session end deterministically","duration":98.06652199999996,"failureMessages":[],"meta":{}},{"ancestorTitles":["ozark-fishing multiplayer integration"],"fullName":"ozark-fishing multiplayer integration rejects invalid hook attempts and supports reconnect snapshot reclaim","status":"passed","title":"rejects invalid hook attempts and supports reconnect snapshot reclaim","duration":2.429920999999922,"failureMessages":[],"meta":{}},{"ancestorTitles":["ozark-fishing multiplayer integration"],"fullName":"ozark-fishing multiplayer integration keeps ice derby deterministic with identical seed and inputs","status":"passed","title":"keeps ice derby deterministic with identical seed and inputs","duration":4.600120999999945,"failureMessages":[],"meta":{}},{"ancestorTitles":["ozark-fishing multiplayer integration"],"fullName":"ozark-fishing multiplayer integration includes deterministic tournament config and emits tournament lifecycle events","status":"passed","title":"includes deterministic tournament config and emits tournament lifecycle events","duration":1.8608859999999368,"failureMessages":[],"meta":{}}],"startTime":1773395027507,"endTime":1773395027613.8608,"status":"passed","message":"","name":"/home/ryan/ILLUVRSE/apps/gamegrid/src/mp/ozark-fishing.integration.test.ts"}]}