{"numTotalTestSuites":2,"numPassedTestSuites":2,"numFailedTestSuites":0,"numPendingTestSuites":0,"numTotalTests":9,"numPassedTests":9,"numFailedTests":0,"numPendingTests":0,"numTodoTests":0,"snapshot":{"added":0,"failure":false,"filesAdded":0,"filesRemoved":0,"filesRemovedList":[],"filesUnmatched":0,"filesUpdated":0,"matched":0,"total":0,"unchecked":0,"uncheckedKeysByFile":[],"unmatched":0,"updated":0,"didUpdate":false},"startTime":1773395043559,"success":true,"testResults":[{"assertionResults":[{"ancestorTitles":["starlight chronicles shared boss co-op integration"],"fullName":"starlight chronicles shared boss co-op integration host rejects invalid hull config input","status":"passed","title":"host rejects invalid hull config input","duration":6.139087000000018,"failureMessages":[],"meta":{}},{"ancestorTitles":["starlight chronicles shared boss co-op integration"],"fullName":"starlight chronicles shared boss co-op integration host and clients share world context snapshot with deterministic shock/frontline ids","status":"passed","title":"host and clients share world context snapshot with deterministic shock/frontline ids","duration":1.7818700000000263,"failureMessages":[],"meta":{}},{"ancestorTitles":["starlight chronicles shared boss co-op integration"],"fullName":"starlight chronicles shared boss co-op integration host rejects invalid wingmen and drone ids in ship config","status":"passed","title":"host rejects invalid wingmen and drone ids in ship config","duration":1.3203649999998106,"failureMessages":[],"meta":{}},{"ancestorTitles":["starlight chronicles shared boss co-op integration"],"fullName":"starlight chronicles shared boss co-op integration shared boss hp syncs across host + clients and ends when hp reaches 0","status":"passed","title":"shared boss hp syncs across host + clients and ends when hp reaches 0","duration":13.317225000000008,"failureMessages":[],"meta":{}},{"ancestorTitles":["starlight chronicles shared boss co-op integration"],"fullName":"starlight chronicles shared boss co-op integration ability cooldown is enforced and rally buff changes boss damage resolution","status":"passed","title":"ability cooldown is enforced and rally buff changes boss damage resolution","duration":1.4580630000000383,"failureMessages":[],"meta":{}},{"ancestorTitles":["starlight chronicles shared boss co-op integration"],"fullName":"starlight chronicles shared boss co-op integration escort convoy hp syncs across host + clients","status":"passed","title":"escort convoy hp syncs across host + clients","duration":2.495934000000034,"failureMessages":[],"meta":{}},{"ancestorTitles":["starlight chronicles shared boss co-op integration"],"fullName":"starlight chronicles shared boss co-op integration rejects absurd damage intents as cheat resistance","status":"passed","title":"rejects absurd damage intents as cheat resistance","duration":0.7456660000000284,"failureMessages":[],"meta":{}},{"ancestorTitles":["starlight chronicles shared boss co-op integration"],"fullName":"starlight chronicles shared boss co-op integration reconnect mid-combat receives boss snapshot and phase","status":"passed","title":"reconnect mid-combat receives boss snapshot and phase","duration":1.2078639999999723,"failureMessages":[],"meta":{}},{"ancestorTitles":["starlight chronicles shared boss co-op integration"],"fullName":"starlight chronicles shared boss co-op integration same seed + ordered intents produce deterministic phase timeline and rewards","status":"passed","title":"same seed + ordered intents produce deterministic phase timeline and rewards","duration":2.535336000000143,"failureMessages":[],"meta":{}}],"startTime":1773395044708,"endTime":1773395044739.5354,"status":"passed","message":"","name":"/home/ryan/ILLUVRSE/apps/gamegrid/src/mp/starlight-chronicles.integration.test.ts"}]}