{"numTotalTestSuites":2,"numPassedTestSuites":2,"numFailedTestSuites":0,"numPendingTestSuites":0,"numTotalTests":9,"numPassedTests":9,"numFailedTests":0,"numPendingTests":0,"numTodoTests":0,"snapshot":{"added":0,"failure":false,"filesAdded":0,"filesRemoved":0,"filesRemovedList":[],"filesUnmatched":0,"filesUpdated":0,"matched":0,"total":0,"unchecked":0,"uncheckedKeysByFile":[],"unmatched":0,"updated":0,"didUpdate":false},"startTime":1773395425942,"success":true,"testResults":[{"assertionResults":[{"ancestorTitles":["starlight chronicles shared boss co-op integration"],"fullName":"starlight chronicles shared boss co-op integration host rejects invalid hull config input","status":"passed","title":"host rejects invalid hull config input","duration":4.875720000000001,"failureMessages":[],"meta":{}},{"ancestorTitles":["starlight chronicles shared boss co-op integration"],"fullName":"starlight chronicles shared boss co-op integration host and clients share world context snapshot with deterministic shock/frontline ids","status":"passed","title":"host and clients share world context snapshot with deterministic shock/frontline ids","duration":1.7731360000000222,"failureMessages":[],"meta":{}},{"ancestorTitles":["starlight chronicles shared boss co-op integration"],"fullName":"starlight chronicles shared boss co-op integration host rejects invalid wingmen and drone ids in ship config","status":"passed","title":"host rejects invalid wingmen and drone ids in ship config","duration":1.1971730000000207,"failureMessages":[],"meta":{}},{"ancestorTitles":["starlight chronicles shared boss co-op integration"],"fullName":"starlight chronicles shared boss co-op integration shared boss hp syncs across host + clients and ends when hp reaches 0","status":"passed","title":"shared boss hp syncs across host + clients and ends when hp reaches 0","duration":11.63093600000002,"failureMessages":[],"meta":{}},{"ancestorTitles":["starlight chronicles shared boss co-op integration"],"fullName":"starlight chronicles shared boss co-op integration ability cooldown is enforced and rally buff changes boss damage resolution","status":"passed","title":"ability cooldown is enforced and rally buff changes boss damage resolution","duration":1.1354469999998855,"failureMessages":[],"meta":{}},{"ancestorTitles":["starlight chronicles shared boss co-op integration"],"fullName":"starlight chronicles shared boss co-op integration escort convoy hp syncs across host + clients","status":"passed","title":"escort convoy hp syncs across host + clients","duration":1.922854000000143,"failureMessages":[],"meta":{}},{"ancestorTitles":["starlight chronicles shared boss co-op integration"],"fullName":"starlight chronicles shared boss co-op integration rejects absurd damage intents as cheat resistance","status":"passed","title":"rejects absurd damage intents as cheat resistance","duration":1.7692889999998442,"failureMessages":[],"meta":{}},{"ancestorTitles":["starlight chronicles shared boss co-op integration"],"fullName":"starlight chronicles shared boss co-op integration reconnect mid-combat receives boss snapshot and phase","status":"passed","title":"reconnect mid-combat receives boss snapshot and phase","duration":1.0156420000000708,"failureMessages":[],"meta":{}},{"ancestorTitles":["starlight chronicles shared boss co-op integration"],"fullName":"starlight chronicles shared boss co-op integration same seed + ordered intents produce deterministic phase timeline and rewards","status":"passed","title":"same seed + ordered intents produce deterministic phase timeline and rewards","duration":2.4524860000001354,"failureMessages":[],"meta":{}}],"startTime":1773395427066,"endTime":1773395427093.4524,"status":"passed","message":"","name":"/home/ryan/ILLUVRSE/apps/gamegrid/src/mp/starlight-chronicles.integration.test.ts"}]}