{"numTotalTestSuites":2,"numPassedTestSuites":2,"numFailedTestSuites":0,"numPendingTestSuites":0,"numTotalTests":1,"numPassedTests":1,"numFailedTests":0,"numPendingTests":0,"numTodoTests":0,"snapshot":{"added":0,"failure":false,"filesAdded":0,"filesRemoved":0,"filesRemovedList":[],"filesUnmatched":0,"filesUpdated":0,"matched":0,"total":0,"unchecked":0,"uncheckedKeysByFile":[],"unmatched":0,"updated":0,"didUpdate":false},"startTime":1773395349955,"success":true,"testResults":[{"assertionResults":[{"ancestorTitles":["throw-darts multiplayer integration"],"fullName":"throw-darts multiplayer integration syncs turn order and scoring for 301/501/cricket","status":"passed","title":"syncs turn order and scoring for 301/501/cricket","duration":6.586442000000034,"failureMessages":[],"meta":{}}],"startTime":1773395350821,"endTime":1773395350827.5864,"status":"passed","message":"","name":"/home/ryan/ILLUVRSE/apps/gamegrid/src/mp/throw-darts.integration.test.ts"}]}