{"numTotalTestSuites":2,"numPassedTestSuites":2,"numFailedTestSuites":0,"numPendingTestSuites":0,"numTotalTests":1,"numPassedTests":1,"numFailedTests":0,"numPendingTests":0,"numTodoTests":0,"snapshot":{"added":0,"failure":false,"filesAdded":0,"filesRemoved":0,"filesRemovedList":[],"filesUnmatched":0,"filesUpdated":0,"matched":0,"total":0,"unchecked":0,"uncheckedKeysByFile":[],"unmatched":0,"updated":0,"didUpdate":false},"startTime":1773395419226,"success":true,"testResults":[{"assertionResults":[{"ancestorTitles":["penalty-kick-showdown multiplayer integration"],"fullName":"penalty-kick-showdown multiplayer integration syncs aim/timing and classic/ladder shot results","status":"passed","title":"syncs aim/timing and classic/ladder shot results","duration":12.502495999999951,"failureMessages":[],"meta":{}}],"startTime":1773395420175,"endTime":1773395420187.5024,"status":"passed","message":"","name":"/home/ryan/ILLUVRSE/apps/gamegrid/src/mp/penalty-kick-showdown.integration.test.ts"}]}