{"numTotalTestSuites":2,"numPassedTestSuites":2,"numFailedTestSuites":0,"numPendingTestSuites":0,"numTotalTests":1,"numPassedTests":1,"numFailedTests":0,"numPendingTests":0,"numTodoTests":0,"snapshot":{"added":0,"failure":false,"filesAdded":0,"filesRemoved":0,"filesRemovedList":[],"filesUnmatched":0,"filesUpdated":0,"matched":0,"total":0,"unchecked":0,"uncheckedKeysByFile":[],"unmatched":0,"updated":0,"didUpdate":false},"startTime":1773395206915,"success":true,"testResults":[{"assertionResults":[{"ancestorTitles":["homerun-derby multiplayer integration"],"fullName":"homerun-derby multiplayer integration syncs pitch/swing outcomes and tally rules","status":"passed","title":"syncs pitch/swing outcomes and tally rules","duration":3.2352540000000545,"failureMessages":[],"meta":{}}],"startTime":1773395207813,"endTime":1773395207816.2354,"status":"passed","message":"","name":"/home/ryan/ILLUVRSE/apps/gamegrid/src/mp/homerun-derby.integration.test.ts"}]}