{"numTotalTestSuites":2,"numPassedTestSuites":2,"numFailedTestSuites":0,"numPendingTestSuites":0,"numTotalTests":1,"numPassedTests":1,"numFailedTests":0,"numPendingTests":0,"numTodoTests":0,"snapshot":{"added":0,"failure":false,"filesAdded":0,"filesRemoved":0,"filesRemovedList":[],"filesUnmatched":0,"filesUpdated":0,"matched":0,"total":0,"unchecked":0,"uncheckedKeysByFile":[],"unmatched":0,"updated":0,"didUpdate":false},"startTime":1773395033121,"success":true,"testResults":[{"assertionResults":[{"ancestorTitles":["pixelpuck multiplayer integration"],"fullName":"pixelpuck multiplayer integration starts room and syncs snapshots between host and client","status":"passed","title":"starts room and syncs snapshots between host and client","duration":8.028503,"failureMessages":[],"meta":{}}],"startTime":1773395034012,"endTime":1773395034020.0286,"status":"passed","message":"","name":"/home/ryan/ILLUVRSE/apps/gamegrid/src/mp/pixelpuck.integration.test.ts"}]}