{"numTotalTestSuites":2,"numPassedTestSuites":2,"numFailedTestSuites":0,"numPendingTestSuites":0,"numTotalTests":3,"numPassedTests":3,"numFailedTests":0,"numPendingTests":0,"numTodoTests":0,"snapshot":{"added":0,"failure":false,"filesAdded":0,"filesRemoved":0,"filesRemovedList":[],"filesUnmatched":0,"filesUpdated":0,"matched":0,"total":0,"unchecked":0,"uncheckedKeysByFile":[],"unmatched":0,"updated":0,"didUpdate":false},"startTime":1773395022984,"success":true,"testResults":[{"assertionResults":[{"ancestorTitles":["minigolf multiplayer integration"],"fullName":"minigolf multiplayer integration syncs hole progression and canonical score state","status":"passed","title":"syncs hole progression and canonical score state","duration":22.362755999999877,"failureMessages":[],"meta":{}},{"ancestorTitles":["minigolf multiplayer integration"],"fullName":"minigolf multiplayer integration enforces turn order and rejects non-current player stroke","status":"passed","title":"enforces turn order and rejects non-current player stroke","duration":10.713524000000007,"failureMessages":[],"meta":{}},{"ancestorTitles":["minigolf multiplayer integration"],"fullName":"minigolf multiplayer integration host sends state_resync when checksum mismatch is reported","status":"passed","title":"host sends state_resync when checksum mismatch is reported","duration":1.775327999999945,"failureMessages":[],"meta":{}}],"startTime":1773395024048,"endTime":1773395024082.7754,"status":"passed","message":"","name":"/home/ryan/ILLUVRSE/apps/gamegrid/src/mp/minigolf.integration.test.ts"}]}