{"numTotalTestSuites":2,"numPassedTestSuites":2,"numFailedTestSuites":0,"numPendingTestSuites":0,"numTotalTests":2,"numPassedTests":2,"numFailedTests":0,"numPendingTests":0,"numTodoTests":0,"snapshot":{"added":0,"failure":false,"filesAdded":0,"filesRemoved":0,"filesRemovedList":[],"filesUnmatched":0,"filesUpdated":0,"matched":0,"total":0,"unchecked":0,"uncheckedKeysByFile":[],"unmatched":0,"updated":0,"didUpdate":false},"startTime":1773395374999,"success":true,"testResults":[{"assertionResults":[{"ancestorTitles":["starlight vertical slice data coverage"],"fullName":"starlight vertical slice data coverage includes expected minimum data","status":"passed","title":"includes expected minimum data","duration":2.317481999999927,"failureMessages":[],"meta":{}},{"ancestorTitles":["starlight vertical slice data coverage"],"fullName":"starlight vertical slice data coverage contains prism warden boss content","status":"passed","title":"contains prism warden boss content","duration":0.35465499999997974,"failureMessages":[],"meta":{}}],"startTime":1773395375854,"endTime":1773395375857.3547,"status":"passed","message":"","name":"/home/ryan/ILLUVRSE/apps/gamegrid/src/scenes/starlight.integration.test.ts"}]}