{"numTotalTestSuites":2,"numPassedTestSuites":2,"numFailedTestSuites":0,"numPendingTestSuites":0,"numTotalTests":1,"numPassedTests":1,"numFailedTests":0,"numPendingTests":0,"numTodoTests":0,"snapshot":{"added":0,"failure":false,"filesAdded":0,"filesRemoved":0,"filesRemovedList":[],"filesUnmatched":0,"filesUpdated":0,"matched":0,"total":0,"unchecked":0,"uncheckedKeysByFile":[],"unmatched":0,"updated":0,"didUpdate":false},"startTime":1773395346770,"success":true,"testResults":[{"assertionResults":[{"ancestorTitles":["table-tennis multiplayer integration"],"fullName":"table-tennis multiplayer integration starts, syncs snapshots, and keeps score consistent","status":"passed","title":"starts, syncs snapshots, and keeps score consistent","duration":10.04563399999995,"failureMessages":[],"meta":{}}],"startTime":1773395347657,"endTime":1773395347667.0457,"status":"passed","message":"","name":"/home/ryan/ILLUVRSE/apps/gamegrid/src/mp/tabletennis.integration.test.ts"}]}