{"numTotalTestSuites":2,"numPassedTestSuites":2,"numFailedTestSuites":0,"numPendingTestSuites":0,"numTotalTests":1,"numPassedTests":1,"numFailedTests":0,"numPendingTests":0,"numTodoTests":0,"snapshot":{"added":0,"failure":false,"filesAdded":0,"filesRemoved":0,"filesRemovedList":[],"filesUnmatched":0,"filesUpdated":0,"matched":0,"total":0,"unchecked":0,"uncheckedKeysByFile":[],"unmatched":0,"updated":0,"didUpdate":false},"startTime":1773395087224,"success":true,"testResults":[{"assertionResults":[{"ancestorTitles":["goalie-gauntlet career integration flow"],"fullName":"goalie-gauntlet career integration flow boots career season, starts first match, and completes objective headlessly","status":"passed","title":"boots career season, starts first match, and completes objective headlessly","duration":3.5943620000000465,"failureMessages":[],"meta":{}}],"startTime":1773395088026,"endTime":1773395088029.5945,"status":"passed","message":"","name":"/home/ryan/ILLUVRSE/apps/gamegrid/src/games/goalie-gauntlet/career.integration.test.ts"}]}