{"numTotalTestSuites":2,"numPassedTestSuites":2,"numFailedTestSuites":0,"numPendingTestSuites":0,"numTotalTests":1,"numPassedTests":1,"numFailedTests":0,"numPendingTests":0,"numTodoTests":0,"snapshot":{"added":0,"failure":false,"filesAdded":0,"filesRemoved":0,"filesRemovedList":[],"filesUnmatched":0,"filesUpdated":0,"matched":0,"total":0,"unchecked":0,"uncheckedKeysByFile":[],"unmatched":0,"updated":0,"didUpdate":false},"startTime":1773395135629,"success":true,"testResults":[{"assertionResults":[{"ancestorTitles":["card-table multiplayer integration"],"fullName":"card-table multiplayer integration syncs hand outcomes and bankroll across all card modes","status":"passed","title":"syncs hand outcomes and bankroll across all card modes","duration":5.40458799999999,"failureMessages":[],"meta":{}}],"startTime":1773395136492,"endTime":1773395136497.4045,"status":"passed","message":"","name":"/home/ryan/ILLUVRSE/apps/gamegrid/src/mp/card-table.integration.test.ts"}]}