{"numTotalTestSuites":2,"numPassedTestSuites":2,"numFailedTestSuites":0,"numPendingTestSuites":0,"numTotalTests":2,"numPassedTests":2,"numFailedTests":0,"numPendingTests":0,"numTodoTests":0,"snapshot":{"added":0,"failure":false,"filesAdded":0,"filesRemoved":0,"filesRemovedList":[],"filesUnmatched":0,"filesUpdated":0,"matched":0,"total":0,"unchecked":0,"uncheckedKeysByFile":[],"unmatched":0,"updated":0,"didUpdate":false},"startTime":1773395189058,"success":true,"testResults":[{"assertionResults":[{"ancestorTitles":["goalie-gauntlet multiplayer integration"],"fullName":"goalie-gauntlet multiplayer integration syncs host-authoritative shot results and scoreboard","status":"passed","title":"syncs host-authoritative shot results and scoreboard","duration":17.911068999999998,"failureMessages":[],"meta":{}},{"ancestorTitles":["goalie-gauntlet multiplayer integration"],"fullName":"goalie-gauntlet multiplayer integration handles party launch with career mode by falling back without crashing","status":"passed","title":"handles party launch with career mode by falling back without crashing","duration":2.065881999999988,"failureMessages":[],"meta":{}}],"startTime":1773395189985,"endTime":1773395190005.066,"status":"passed","message":"","name":"/home/ryan/ILLUVRSE/apps/gamegrid/src/mp/goalie-gauntlet.integration.test.ts"}]}