{"numTotalTestSuites":2,"numPassedTestSuites":2,"numFailedTestSuites":0,"numPendingTestSuites":0,"numTotalTests":5,"numPassedTests":5,"numFailedTests":0,"numPendingTests":0,"numTodoTests":0,"snapshot":{"added":0,"failure":false,"filesAdded":0,"filesRemoved":0,"filesRemovedList":[],"filesUnmatched":0,"filesUpdated":0,"matched":0,"total":0,"unchecked":0,"uncheckedKeysByFile":[],"unmatched":0,"updated":0,"didUpdate":false},"startTime":1773410388136,"success":true,"testResults":[{"assertionResults":[{"ancestorTitles":["top flow accessibility"],"fullName":"top flow accessibility keeps watch hero and cards accessible","status":"passed","title":"keeps watch hero and cards accessible","duration":134.44919200000004,"failureMessages":[],"meta":{}},{"ancestorTitles":["top flow accessibility"],"fullName":"top flow accessibility keeps party entry controls labeled","status":"passed","title":"keeps party entry controls labeled","duration":30.61365499999988,"failureMessages":[],"meta":{}},{"ancestorTitles":["top flow accessibility"],"fullName":"top flow accessibility keeps studio creator flow labeled and keyboard friendly","status":"passed","title":"keeps studio creator flow labeled and keyboard friendly","duration":152.43577099999993,"failureMessages":[],"meta":{}},{"ancestorTitles":["top flow accessibility"],"fullName":"top flow accessibility keeps play generator accessible before first seed","status":"passed","title":"keeps play generator accessible before first seed","duration":30.270324999999957,"failureMessages":[],"meta":{}},{"ancestorTitles":["top flow accessibility"],"fullName":"top flow accessibility keeps party mode lobby labels accessible","status":"passed","title":"keeps party mode lobby labels accessible","duration":58.66446300000007,"failureMessages":[],"meta":{}}],"startTime":1773410389820,"endTime":1773410390226.6646,"status":"passed","message":"","name":"/home/ryan/ILLUVRSE/apps/web/tests/accessibility/a11y.top-flows.test.ts"}]}