{"numTotalTestSuites":2,"numPassedTestSuites":2,"numFailedTestSuites":0,"numPendingTestSuites":0,"numTotalTests":1,"numPassedTests":1,"numFailedTests":0,"numPendingTests":0,"numTodoTests":0,"snapshot":{"added":0,"failure":false,"filesAdded":0,"filesRemoved":0,"filesRemovedList":[],"filesUnmatched":0,"filesUpdated":0,"matched":0,"total":0,"unchecked":0,"uncheckedKeysByFile":[],"unmatched":0,"updated":0,"didUpdate":false},"startTime":1773395148580,"success":true,"testResults":[{"assertionResults":[{"ancestorTitles":["foosball multiplayer integration"],"fullName":"foosball multiplayer integration syncs rods, ball, and duel progression via host snapshots/events","status":"passed","title":"syncs rods, ball, and duel progression via host snapshots/events","duration":8.802708999999936,"failureMessages":[],"meta":{}}],"startTime":1773395149461,"endTime":1773395149469.8027,"status":"passed","message":"","name":"/home/ryan/ILLUVRSE/apps/gamegrid/src/mp/foosball.integration.test.ts"}]}