{"numTotalTestSuites":2,"numPassedTestSuites":2,"numFailedTestSuites":0,"numPendingTestSuites":0,"numTotalTests":1,"numPassedTests":1,"numFailedTests":0,"numPendingTests":0,"numTodoTests":0,"snapshot":{"added":0,"failure":false,"filesAdded":0,"filesRemoved":0,"filesRemovedList":[],"filesUnmatched":0,"filesUpdated":0,"matched":0,"total":0,"unchecked":0,"uncheckedKeysByFile":[],"unmatched":0,"updated":0,"didUpdate":false},"startTime":1773395171082,"success":true,"testResults":[{"assertionResults":[{"ancestorTitles":["freethrow-frenzy multiplayer integration"],"fullName":"freethrow-frenzy multiplayer integration syncs mode-end state, accuracy, and streak reconciliation","status":"passed","title":"syncs mode-end state, accuracy, and streak reconciliation","duration":3.5130750000000717,"failureMessages":[],"meta":{}}],"startTime":1773395172017,"endTime":1773395172020.5132,"status":"passed","message":"","name":"/home/ryan/ILLUVRSE/apps/gamegrid/src/mp/freethrow-frenzy.integration.test.ts"}]}